2022-09-06 00:00:01,068 INFO 34320 [egg-logrotator] app logger reload: got log-reload message
2022-09-06 04:30:00,241 INFO 34320 [-/127.0.0.1/-/2ms SCHEDULE /__schedule?path=E:\前端\react_blog\service\node_modules\_egg-multipart@2.13.1@egg-multipart\app\schedule\clean_tmpdir.js&type=worker&cron=0%2030%204%20*%20*%20*&disable=false&immediate=false] [egg-multipart:CleanTmpdir] start clean tmpdir: "C:\\Users\\王文成\\AppData\\Local\\Temp\\egg-multipart-tmp\\service"
2022-09-06 04:30:00,243 INFO 34320 [-/127.0.0.1/-/5ms SCHEDULE /__schedule?path=E:\前端\react_blog\service\node_modules\_egg-multipart@2.13.1@egg-multipart\app\schedule\clean_tmpdir.js&type=worker&cron=0%2030%204%20*%20*%20*&disable=false&immediate=false] [egg-multipart:CleanTmpdir] end
2022-09-06 07:42:44,718 INFO 25916 [egg:logger] init all loggers with options: {"dir":"E:\\前端\\react_blog\\service\\logs\\service","encoding":"utf8","env":"local","level":"INFO","consoleLevel":"INFO","disableConsoleAfterReady":false,"outputJSON":false,"buffer":true,"appLogName":"service-web.log","coreLogName":"egg-web.log","agentLogName":"egg-agent.log","errorLogName":"common-error.log","coreLogger":{"consoleLevel":"WARN"},"allowDebugAtProd":false,"enablePerformanceTimer":false,"type":"application"}
2022-09-06 07:42:44,743 INFO 25916 [egg-multipart] stream mode enable
2022-09-06 07:42:44,744 INFO 25916 [egg-mysql] connecting root@localhost:3306/react_blog
2022-09-06 07:42:44,993 INFO 25916 [egg-static] starting static serve /public/ -> E:\前端\react_blog\service\app\public
2022-09-06 07:42:44,997 INFO 25916 [egg-security] use methodnoallow middleware
2022-09-06 07:42:44,998 INFO 25916 [egg-security] use noopen middleware
2022-09-06 07:42:45,000 INFO 25916 [egg-security] use nosniff middleware
2022-09-06 07:42:45,001 INFO 25916 [egg-security] use xssProtection middleware
2022-09-06 07:42:45,001 INFO 25916 [egg-security] use xframe middleware
2022-09-06 07:42:45,002 INFO 25916 [egg-security] use dta middleware
2022-09-06 07:42:45,002 INFO 25916 [egg-security] compose 6 middlewares into one security middleware
2022-09-06 07:42:45,014 INFO 25916 [egg:core] dump config after load, 4ms
2022-09-06 07:42:45,027 INFO 25916 [egg-watcher:application] watcher start success
2022-09-06 07:42:45,029 INFO 25916 [egg-mysql] instance[0] status OK, rds currentTime: Tue Sep 06 2022 07:42:45 GMT+0800 (中国标准时间)
2022-09-06 07:42:45,034 INFO 25916 [egg:core] dump config after ready, 5ms
2022-09-06 07:42:46,154 INFO 35576 [egg:logger] init all loggers with options: {"dir":"E:\\前端\\react_blog\\service\\logs\\service","encoding":"utf8","env":"local","level":"INFO","consoleLevel":"INFO","disableConsoleAfterReady":false,"outputJSON":false,"buffer":true,"appLogName":"service-web.log","coreLogName":"egg-web.log","agentLogName":"egg-agent.log","errorLogName":"common-error.log","coreLogger":{"consoleLevel":"WARN"},"allowDebugAtProd":false,"enablePerformanceTimer":false,"type":"application"}
2022-09-06 07:42:46,182 INFO 35576 [egg-multipart] stream mode enable
2022-09-06 07:42:46,182 INFO 35576 [egg-mysql] connecting root@localhost:3306/react_blog
2022-09-06 07:42:46,400 INFO 35576 [egg-static] starting static serve /public/ -> E:\前端\react_blog\service\app\public
2022-09-06 07:42:46,402 INFO 35576 [egg-security] use methodnoallow middleware
2022-09-06 07:42:46,403 INFO 35576 [egg-security] use noopen middleware
2022-09-06 07:42:46,405 INFO 35576 [egg-security] use nosniff middleware
2022-09-06 07:42:46,406 INFO 35576 [egg-security] use xssProtection middleware
2022-09-06 07:42:46,407 INFO 35576 [egg-security] use xframe middleware
2022-09-06 07:42:46,407 INFO 35576 [egg-security] use dta middleware
2022-09-06 07:42:46,407 INFO 35576 [egg-security] compose 6 middlewares into one security middleware
2022-09-06 07:42:46,418 INFO 35576 [egg:core] dump config after load, 4ms
2022-09-06 07:42:46,431 INFO 35576 [egg-watcher:application] watcher start success
2022-09-06 07:42:46,435 INFO 35576 [egg-mysql] instance[0] status OK, rds currentTime: Tue Sep 06 2022 07:42:46 GMT+0800 (中国标准时间)
2022-09-06 07:42:46,442 INFO 35576 [egg:core] dump config after ready, 6ms
