2022-09-05 04:30:00,867 INFO 41828 [Job#1662323400865448952407188001] E:\前端\react_blog\service\node_modules\_egg-multipart@2.13.1@egg-multipart\app\schedule\clean_tmpdir.js executing by app
2022-09-05 04:30:00,873 INFO 41828 [Job#1662323400865448952407188001] E:\前端\react_blog\service\node_modules\_egg-multipart@2.13.1@egg-multipart\app\schedule\clean_tmpdir.js execute succeed, used 5ms. 
2022-09-05 04:30:00,869 INFO 29984 [Timer] E:\前端\react_blog\service\node_modules\_egg-multipart@2.13.1@egg-multipart\app\schedule\clean_tmpdir.js next time will execute after 86399134ms at 2022-09-06 04:30:00.003
2022-09-05 07:05:27,357 INFO 4812 [egg-schedule]: register schedule E:\前端\react_blog\service\node_modules\_egg-multipart@2.13.1@egg-multipart\app\schedule\clean_tmpdir.js
2022-09-05 07:05:27,357 INFO 4812 [egg-schedule]: register schedule E:\前端\react_blog\service\node_modules\_egg-logrotator@3.1.0@egg-logrotator\app\schedule\clean_log.js
2022-09-05 07:05:27,357 INFO 4812 [egg-schedule]: register schedule E:\前端\react_blog\service\node_modules\_egg-logrotator@3.1.0@egg-logrotator\app\schedule\rotate_by_file.js
2022-09-05 07:05:29,064 INFO 24056 [egg-schedule]: register schedule E:\前端\react_blog\service\node_modules\_egg-multipart@2.13.1@egg-multipart\app\schedule\clean_tmpdir.js
2022-09-05 07:05:29,064 INFO 24056 [egg-schedule]: register schedule E:\前端\react_blog\service\node_modules\_egg-logrotator@3.1.0@egg-logrotator\app\schedule\clean_log.js
2022-09-05 07:05:29,064 INFO 24056 [egg-schedule]: register schedule E:\前端\react_blog\service\node_modules\_egg-logrotator@3.1.0@egg-logrotator\app\schedule\rotate_by_file.js
2022-09-05 07:07:21,365 INFO 40596 [egg-schedule]: register schedule E:\前端\react_blog\service\node_modules\_egg-multipart@2.13.1@egg-multipart\app\schedule\clean_tmpdir.js
2022-09-05 07:07:21,365 INFO 40596 [egg-schedule]: register schedule E:\前端\react_blog\service\node_modules\_egg-logrotator@3.1.0@egg-logrotator\app\schedule\clean_log.js
2022-09-05 07:07:21,366 INFO 40596 [egg-schedule]: register schedule E:\前端\react_blog\service\node_modules\_egg-logrotator@3.1.0@egg-logrotator\app\schedule\rotate_by_file.js
2022-09-05 07:07:43,058 INFO 44864 [egg-schedule]: register schedule E:\前端\react_blog\service\node_modules\_egg-multipart@2.13.1@egg-multipart\app\schedule\clean_tmpdir.js
2022-09-05 07:07:43,058 INFO 44864 [egg-schedule]: register schedule E:\前端\react_blog\service\node_modules\_egg-logrotator@3.1.0@egg-logrotator\app\schedule\clean_log.js
2022-09-05 07:07:43,058 INFO 44864 [egg-schedule]: register schedule E:\前端\react_blog\service\node_modules\_egg-logrotator@3.1.0@egg-logrotator\app\schedule\rotate_by_file.js
2022-09-05 07:20:08,075 INFO 10480 [Timer] E:\前端\react_blog\service\node_modules\_egg-multipart@2.13.1@egg-multipart\app\schedule\clean_tmpdir.js next time will execute after 76191928ms at 2022-09-06 04:30:00.002
2022-09-05 07:20:08,075 INFO 10480 [Timer] E:\前端\react_blog\service\node_modules\_egg-logrotator@3.1.0@egg-logrotator\app\schedule\clean_log.js next time will execute after 59991925ms at 2022-09-06 00:00:00.000
2022-09-05 07:20:08,075 INFO 10480 [Timer] E:\前端\react_blog\service\node_modules\_egg-logrotator@3.1.0@egg-logrotator\app\schedule\rotate_by_file.js next time will execute after 59992925ms at 2022-09-06 00:00:01.000
2022-09-05 07:20:07,851 INFO 2824 [egg-schedule]: register schedule E:\前端\react_blog\service\node_modules\_egg-multipart@2.13.1@egg-multipart\app\schedule\clean_tmpdir.js
2022-09-05 07:20:07,851 INFO 2824 [egg-schedule]: register schedule E:\前端\react_blog\service\node_modules\_egg-logrotator@3.1.0@egg-logrotator\app\schedule\clean_log.js
2022-09-05 07:20:07,851 INFO 2824 [egg-schedule]: register schedule E:\前端\react_blog\service\node_modules\_egg-logrotator@3.1.0@egg-logrotator\app\schedule\rotate_by_file.js
2022-09-05 07:57:48,089 INFO 19408 [Timer] E:\前端\react_blog\service\node_modules\_egg-multipart@2.13.1@egg-multipart\app\schedule\clean_tmpdir.js next time will execute after 73931913ms at 2022-09-06 04:30:00.002
2022-09-05 07:57:48,089 INFO 19408 [Timer] E:\前端\react_blog\service\node_modules\_egg-logrotator@3.1.0@egg-logrotator\app\schedule\clean_log.js next time will execute after 57731911ms at 2022-09-06 00:00:00.000
2022-09-05 07:57:48,089 INFO 19408 [Timer] E:\前端\react_blog\service\node_modules\_egg-logrotator@3.1.0@egg-logrotator\app\schedule\rotate_by_file.js next time will execute after 57732911ms at 2022-09-06 00:00:01.000
2022-09-05 07:57:47,844 INFO 29548 [egg-schedule]: register schedule E:\前端\react_blog\service\node_modules\_egg-multipart@2.13.1@egg-multipart\app\schedule\clean_tmpdir.js
2022-09-05 07:57:47,844 INFO 29548 [egg-schedule]: register schedule E:\前端\react_blog\service\node_modules\_egg-logrotator@3.1.0@egg-logrotator\app\schedule\clean_log.js
2022-09-05 07:57:47,844 INFO 29548 [egg-schedule]: register schedule E:\前端\react_blog\service\node_modules\_egg-logrotator@3.1.0@egg-logrotator\app\schedule\rotate_by_file.js
2022-09-05 08:05:22,871 INFO 45480 [egg-schedule]: register schedule E:\前端\react_blog\service\node_modules\_egg-multipart@2.13.1@egg-multipart\app\schedule\clean_tmpdir.js
2022-09-05 08:05:22,871 INFO 45480 [egg-schedule]: register schedule E:\前端\react_blog\service\node_modules\_egg-logrotator@3.1.0@egg-logrotator\app\schedule\clean_log.js
2022-09-05 08:05:22,871 INFO 45480 [egg-schedule]: register schedule E:\前端\react_blog\service\node_modules\_egg-logrotator@3.1.0@egg-logrotator\app\schedule\rotate_by_file.js
2022-09-05 08:09:04,586 INFO 33020 [egg-schedule]: register schedule E:\前端\react_blog\service\node_modules\_egg-multipart@2.13.1@egg-multipart\app\schedule\clean_tmpdir.js
2022-09-05 08:09:04,586 INFO 33020 [egg-schedule]: register schedule E:\前端\react_blog\service\node_modules\_egg-logrotator@3.1.0@egg-logrotator\app\schedule\clean_log.js
2022-09-05 08:09:04,586 INFO 33020 [egg-schedule]: register schedule E:\前端\react_blog\service\node_modules\_egg-logrotator@3.1.0@egg-logrotator\app\schedule\rotate_by_file.js
2022-09-05 08:09:06,302 INFO 15852 [egg-schedule]: register schedule E:\前端\react_blog\service\node_modules\_egg-multipart@2.13.1@egg-multipart\app\schedule\clean_tmpdir.js
2022-09-05 08:09:06,302 INFO 15852 [egg-schedule]: register schedule E:\前端\react_blog\service\node_modules\_egg-logrotator@3.1.0@egg-logrotator\app\schedule\clean_log.js
2022-09-05 08:09:06,302 INFO 15852 [egg-schedule]: register schedule E:\前端\react_blog\service\node_modules\_egg-logrotator@3.1.0@egg-logrotator\app\schedule\rotate_by_file.js
