2022-09-05 22:29:11,752 ERROR 46564 [-/127.0.0.1/-/6ms GET /default/getArticleById] nodejs.ER_PARSE_ERRORError: ER_PARSE_ERROR: You have an error in your SQL syntax; check the manual that corresponds to your MySQL server version for the right syntax to use near 'types.id as typeId FROM article LEFT JOIN types ON article.type_id = types.Id WH' at line 1
    at Query.Sequence._packetToError (E:\前端\react_blog\service\node_modules\_mysql@2.18.1@mysql\lib\protocol\sequences\Sequence.js:47:14)
    at Query.ErrorPacket (E:\前端\react_blog\service\node_modules\_mysql@2.18.1@mysql\lib\protocol\sequences\Query.js:79:18)
    at Protocol._parsePacket (E:\前端\react_blog\service\node_modules\_mysql@2.18.1@mysql\lib\protocol\Protocol.js:291:23)
    at Parser._parsePacket (E:\前端\react_blog\service\node_modules\_mysql@2.18.1@mysql\lib\protocol\Parser.js:433:10)
    at Parser.write (E:\前端\react_blog\service\node_modules\_mysql@2.18.1@mysql\lib\protocol\Parser.js:43:10)
    at Protocol.write (E:\前端\react_blog\service\node_modules\_mysql@2.18.1@mysql\lib\protocol\Protocol.js:38:16)
    at Socket.<anonymous> (E:\前端\react_blog\service\node_modules\_mysql@2.18.1@mysql\lib\Connection.js:88:28)
    at Socket.<anonymous> (E:\前端\react_blog\service\node_modules\_mysql@2.18.1@mysql\lib\Connection.js:526:10)
    at Socket.emit (node:events:527:28)
    at addChunk (node:internal/streams/readable:315:12)
    --------------------
    at Pool.query (E:\前端\react_blog\service\node_modules\_mysql@2.18.1@mysql\lib\Pool.js:199:23)
    at E:\前端\react_blog\service\node_modules\_pify@2.3.0@pify\index.js:29:7
    at new Promise (<anonymous>)
    at Pool.<anonymous> (E:\前端\react_blog\service\node_modules\_pify@2.3.0@pify\index.js:12:10)
    at Pool.ret [as query] (E:\前端\react_blog\service\node_modules\_pify@2.3.0@pify\index.js:56:34)
    at RDSClient.proto._query (E:\前端\react_blog\service\node_modules\_ali-rds@3.4.0@ali-rds\lib\client.js:38:20)
    at RDSClient.proto.query (E:\前端\react_blog\service\node_modules\_ali-rds@3.4.0@ali-rds\lib\operator.js:54:29)
    at proto.query.next (<anonymous>)
    at onFulfilled (E:\前端\react_blog\service\node_modules\_co@4.6.0@co\index.js:65:19)
    at E:\前端\react_blog\service\node_modules\_co@4.6.0@co\index.js:54:5
    sql: SELECT article.id as id ,article.title as title ,article.introduce as introduce ,article.article_content as article_content ,FROM_UNIXTIME(article.addTime,'%Y-%m-%d %H:%i:%s' ) as addTime ,article.view_count as view_count ,types.typeName as typeName types.id as typeId FROM article LEFT JOIN types ON article.type_id = types.Id WHERE article.id=undefined
code: "ER_PARSE_ERROR"
errno: 1064
sqlMessage: "You have an error in your SQL syntax; check the manual that corresponds to your MySQL server version for the right syntax to use near 'types.id as typeId FROM article LEFT JOIN types ON article.type_id = types.Id WH' at line 1"
sqlState: "42000"
index: 0
sql: "SELECT article.id as id ,article.title as title ,article.introduce as introduce ,article.article_content as article_content ,FROM_UNIXTIME(article.addTime,'%Y-%m-%d %H:%i:%s' ) as addTime ,article.view_count as view_count ,types.typeName as typeName types.id as typeId FROM article LEFT JOIN types ON article.type_id = types.Id WHERE article.id=undefined"
name: "ER_PARSE_ERRORError"
pid: 46564
hostname: 大成子

2022-09-05 22:37:09,772 ERROR 37628 [-/127.0.0.1/-/3ms GET /default/getArticleById] nodejs.ER_PARSE_ERRORError: ER_PARSE_ERROR: You have an error in your SQL syntax; check the manual that corresponds to your MySQL server version for the right syntax to use near 'types.id as typeId FROM article LEFT JOIN types ON article.type_id = types.Id WH' at line 1
    at Query.Sequence._packetToError (E:\前端\react_blog\service\node_modules\_mysql@2.18.1@mysql\lib\protocol\sequences\Sequence.js:47:14)
    at Query.ErrorPacket (E:\前端\react_blog\service\node_modules\_mysql@2.18.1@mysql\lib\protocol\sequences\Query.js:79:18)
    at Protocol._parsePacket (E:\前端\react_blog\service\node_modules\_mysql@2.18.1@mysql\lib\protocol\Protocol.js:291:23)
    at Parser._parsePacket (E:\前端\react_blog\service\node_modules\_mysql@2.18.1@mysql\lib\protocol\Parser.js:433:10)
    at Parser.write (E:\前端\react_blog\service\node_modules\_mysql@2.18.1@mysql\lib\protocol\Parser.js:43:10)
    at Protocol.write (E:\前端\react_blog\service\node_modules\_mysql@2.18.1@mysql\lib\protocol\Protocol.js:38:16)
    at Socket.<anonymous> (E:\前端\react_blog\service\node_modules\_mysql@2.18.1@mysql\lib\Connection.js:88:28)
    at Socket.<anonymous> (E:\前端\react_blog\service\node_modules\_mysql@2.18.1@mysql\lib\Connection.js:526:10)
    at Socket.emit (node:events:527:28)
    at addChunk (node:internal/streams/readable:315:12)
    --------------------
    at Pool.query (E:\前端\react_blog\service\node_modules\_mysql@2.18.1@mysql\lib\Pool.js:199:23)
    at E:\前端\react_blog\service\node_modules\_pify@2.3.0@pify\index.js:29:7
    at new Promise (<anonymous>)
    at Pool.<anonymous> (E:\前端\react_blog\service\node_modules\_pify@2.3.0@pify\index.js:12:10)
    at Pool.ret [as query] (E:\前端\react_blog\service\node_modules\_pify@2.3.0@pify\index.js:56:34)
    at RDSClient.proto._query (E:\前端\react_blog\service\node_modules\_ali-rds@3.4.0@ali-rds\lib\client.js:38:20)
    at RDSClient.proto.query (E:\前端\react_blog\service\node_modules\_ali-rds@3.4.0@ali-rds\lib\operator.js:54:29)
    at proto.query.next (<anonymous>)
    at onFulfilled (E:\前端\react_blog\service\node_modules\_co@4.6.0@co\index.js:65:19)
    at E:\前端\react_blog\service\node_modules\_co@4.6.0@co\index.js:54:5
    sql: SELECT article.id as id ,article.title as title ,article.introduce as introduce ,article.article_content as article_content ,FROM_UNIXTIME(article.addTime,'%Y-%m-%d %H:%i:%s' ) as addTime ,article.view_count as view_count ,types.typeName as typeName types.id as typeId FROM article LEFT JOIN types ON article.type_id = types.Id WHERE article.id=undefined
code: "ER_PARSE_ERROR"
errno: 1064
sqlMessage: "You have an error in your SQL syntax; check the manual that corresponds to your MySQL server version for the right syntax to use near 'types.id as typeId FROM article LEFT JOIN types ON article.type_id = types.Id WH' at line 1"
sqlState: "42000"
index: 0
sql: "SELECT article.id as id ,article.title as title ,article.introduce as introduce ,article.article_content as article_content ,FROM_UNIXTIME(article.addTime,'%Y-%m-%d %H:%i:%s' ) as addTime ,article.view_count as view_count ,types.typeName as typeName types.id as typeId FROM article LEFT JOIN types ON article.type_id = types.Id WHERE article.id=undefined"
headers: {"Access-Control-Allow-Origin":"*","vary":"Origin"}
name: "ER_PARSE_ERRORError"
pid: 37628
hostname: 大成子

2022-09-05 22:40:07,199 ERROR 5188 [-/127.0.0.1/-/3ms GET /default/getArticleById/1] nodejs.ER_PARSE_ERRORError: ER_PARSE_ERROR: You have an error in your SQL syntax; check the manual that corresponds to your MySQL server version for the right syntax to use near 'types.id as typeId FROM article LEFT JOIN types ON article.type_id = types.Id WH' at line 1
    at Query.Sequence._packetToError (E:\前端\react_blog\service\node_modules\_mysql@2.18.1@mysql\lib\protocol\sequences\Sequence.js:47:14)
    at Query.ErrorPacket (E:\前端\react_blog\service\node_modules\_mysql@2.18.1@mysql\lib\protocol\sequences\Query.js:79:18)
    at Protocol._parsePacket (E:\前端\react_blog\service\node_modules\_mysql@2.18.1@mysql\lib\protocol\Protocol.js:291:23)
    at Parser._parsePacket (E:\前端\react_blog\service\node_modules\_mysql@2.18.1@mysql\lib\protocol\Parser.js:433:10)
    at Parser.write (E:\前端\react_blog\service\node_modules\_mysql@2.18.1@mysql\lib\protocol\Parser.js:43:10)
    at Protocol.write (E:\前端\react_blog\service\node_modules\_mysql@2.18.1@mysql\lib\protocol\Protocol.js:38:16)
    at Socket.<anonymous> (E:\前端\react_blog\service\node_modules\_mysql@2.18.1@mysql\lib\Connection.js:88:28)
    at Socket.<anonymous> (E:\前端\react_blog\service\node_modules\_mysql@2.18.1@mysql\lib\Connection.js:526:10)
    at Socket.emit (node:events:527:28)
    at addChunk (node:internal/streams/readable:315:12)
    --------------------
    at Pool.query (E:\前端\react_blog\service\node_modules\_mysql@2.18.1@mysql\lib\Pool.js:199:23)
    at E:\前端\react_blog\service\node_modules\_pify@2.3.0@pify\index.js:29:7
    at new Promise (<anonymous>)
    at Pool.<anonymous> (E:\前端\react_blog\service\node_modules\_pify@2.3.0@pify\index.js:12:10)
    at Pool.ret [as query] (E:\前端\react_blog\service\node_modules\_pify@2.3.0@pify\index.js:56:34)
    at RDSClient.proto._query (E:\前端\react_blog\service\node_modules\_ali-rds@3.4.0@ali-rds\lib\client.js:38:20)
    at RDSClient.proto.query (E:\前端\react_blog\service\node_modules\_ali-rds@3.4.0@ali-rds\lib\operator.js:54:29)
    at proto.query.next (<anonymous>)
    at onFulfilled (E:\前端\react_blog\service\node_modules\_co@4.6.0@co\index.js:65:19)
    at E:\前端\react_blog\service\node_modules\_co@4.6.0@co\index.js:54:5
    sql: SELECT article.id as id ,article.title as title ,article.introduce as introduce ,article.article_content as article_content ,FROM_UNIXTIME(article.addTime,'%Y-%m-%d %H:%i:%s' ) as addTime ,article.view_count as view_count ,types.typeName as typeName types.id as typeId FROM article LEFT JOIN types ON article.type_id = types.Id WHERE article.id=1
code: "ER_PARSE_ERROR"
errno: 1064
sqlMessage: "You have an error in your SQL syntax; check the manual that corresponds to your MySQL server version for the right syntax to use near 'types.id as typeId FROM article LEFT JOIN types ON article.type_id = types.Id WH' at line 1"
sqlState: "42000"
index: 0
sql: "SELECT article.id as id ,article.title as title ,article.introduce as introduce ,article.article_content as article_content ,FROM_UNIXTIME(article.addTime,'%Y-%m-%d %H:%i:%s' ) as addTime ,article.view_count as view_count ,types.typeName as typeName types.id as typeId FROM article LEFT JOIN types ON article.type_id = types.Id WHERE article.id=1"
headers: {"Access-Control-Allow-Origin":"*","vary":"Origin"}
name: "ER_PARSE_ERRORError"
pid: 5188
hostname: 大成子

2022-09-05 22:42:16,883 ERROR 12388 [-/127.0.0.1/-/5ms GET /default/getArticleById/1] nodejs.ER_PARSE_ERRORError: ER_PARSE_ERROR: You have an error in your SQL syntax; check the manual that corresponds to your MySQL server version for the right syntax to use near 'FROM article LEFT JOIN types ON article.type_id = types.Id WHERE article.id=1' at line 1
    at Query.Sequence._packetToError (E:\前端\react_blog\service\node_modules\_mysql@2.18.1@mysql\lib\protocol\sequences\Sequence.js:47:14)
    at Query.ErrorPacket (E:\前端\react_blog\service\node_modules\_mysql@2.18.1@mysql\lib\protocol\sequences\Query.js:79:18)
    at Protocol._parsePacket (E:\前端\react_blog\service\node_modules\_mysql@2.18.1@mysql\lib\protocol\Protocol.js:291:23)
    at Parser._parsePacket (E:\前端\react_blog\service\node_modules\_mysql@2.18.1@mysql\lib\protocol\Parser.js:433:10)
    at Parser.write (E:\前端\react_blog\service\node_modules\_mysql@2.18.1@mysql\lib\protocol\Parser.js:43:10)
    at Protocol.write (E:\前端\react_blog\service\node_modules\_mysql@2.18.1@mysql\lib\protocol\Protocol.js:38:16)
    at Socket.<anonymous> (E:\前端\react_blog\service\node_modules\_mysql@2.18.1@mysql\lib\Connection.js:88:28)
    at Socket.<anonymous> (E:\前端\react_blog\service\node_modules\_mysql@2.18.1@mysql\lib\Connection.js:526:10)
    at Socket.emit (node:events:527:28)
    at addChunk (node:internal/streams/readable:315:12)
    --------------------
    at Pool.query (E:\前端\react_blog\service\node_modules\_mysql@2.18.1@mysql\lib\Pool.js:199:23)
    at E:\前端\react_blog\service\node_modules\_pify@2.3.0@pify\index.js:29:7
    at new Promise (<anonymous>)
    at Pool.<anonymous> (E:\前端\react_blog\service\node_modules\_pify@2.3.0@pify\index.js:12:10)
    at Pool.ret [as query] (E:\前端\react_blog\service\node_modules\_pify@2.3.0@pify\index.js:56:34)
    at RDSClient.proto._query (E:\前端\react_blog\service\node_modules\_ali-rds@3.4.0@ali-rds\lib\client.js:38:20)
    at RDSClient.proto.query (E:\前端\react_blog\service\node_modules\_ali-rds@3.4.0@ali-rds\lib\operator.js:54:29)
    at proto.query.next (<anonymous>)
    at onFulfilled (E:\前端\react_blog\service\node_modules\_co@4.6.0@co\index.js:65:19)
    at E:\前端\react_blog\service\node_modules\_co@4.6.0@co\index.js:54:5
    sql: SELECT article.id as id ,article.title as title ,article.introduce as introduce ,article.article_content as article_content ,FROM_UNIXTIME(article.addTime,'%Y-%m-%d %H:%i:%s' ) as addTime ,article.view_count as view_count ,types.typeName as typeName ,types.id as typeId ,FROM article LEFT JOIN types ON article.type_id = types.Id WHERE article.id=1
code: "ER_PARSE_ERROR"
errno: 1064
sqlMessage: "You have an error in your SQL syntax; check the manual that corresponds to your MySQL server version for the right syntax to use near 'FROM article LEFT JOIN types ON article.type_id = types.Id WHERE article.id=1' at line 1"
sqlState: "42000"
index: 0
sql: "SELECT article.id as id ,article.title as title ,article.introduce as introduce ,article.article_content as article_content ,FROM_UNIXTIME(article.addTime,'%Y-%m-%d %H:%i:%s' ) as addTime ,article.view_count as view_count ,types.typeName as typeName ,types.id as typeId ,FROM article LEFT JOIN types ON article.type_id = types.Id WHERE article.id=1"
headers: {"Access-Control-Allow-Origin":"*","vary":"Origin"}
name: "ER_PARSE_ERRORError"
pid: 12388
hostname: 大成子

2022-09-05 22:42:53,991 ERROR 12388 [-/127.0.0.1/-/1ms GET /default/getArticleById/1] nodejs.ER_PARSE_ERRORError: ER_PARSE_ERROR: You have an error in your SQL syntax; check the manual that corresponds to your MySQL server version for the right syntax to use near 'FROM article LEFT JOIN types ON article.type_id = types.Id WHERE article.id=1' at line 1
    at Query.Sequence._packetToError (E:\前端\react_blog\service\node_modules\_mysql@2.18.1@mysql\lib\protocol\sequences\Sequence.js:47:14)
    at Query.ErrorPacket (E:\前端\react_blog\service\node_modules\_mysql@2.18.1@mysql\lib\protocol\sequences\Query.js:79:18)
    at Protocol._parsePacket (E:\前端\react_blog\service\node_modules\_mysql@2.18.1@mysql\lib\protocol\Protocol.js:291:23)
    at Parser._parsePacket (E:\前端\react_blog\service\node_modules\_mysql@2.18.1@mysql\lib\protocol\Parser.js:433:10)
    at Parser.write (E:\前端\react_blog\service\node_modules\_mysql@2.18.1@mysql\lib\protocol\Parser.js:43:10)
    at Protocol.write (E:\前端\react_blog\service\node_modules\_mysql@2.18.1@mysql\lib\protocol\Protocol.js:38:16)
    at Socket.<anonymous> (E:\前端\react_blog\service\node_modules\_mysql@2.18.1@mysql\lib\Connection.js:88:28)
    at Socket.<anonymous> (E:\前端\react_blog\service\node_modules\_mysql@2.18.1@mysql\lib\Connection.js:526:10)
    at Socket.emit (node:events:527:28)
    at addChunk (node:internal/streams/readable:315:12)
    --------------------
    at Pool.query (E:\前端\react_blog\service\node_modules\_mysql@2.18.1@mysql\lib\Pool.js:199:23)
    at E:\前端\react_blog\service\node_modules\_pify@2.3.0@pify\index.js:29:7
    at new Promise (<anonymous>)
    at Pool.<anonymous> (E:\前端\react_blog\service\node_modules\_pify@2.3.0@pify\index.js:12:10)
    at Pool.ret [as query] (E:\前端\react_blog\service\node_modules\_pify@2.3.0@pify\index.js:56:34)
    at RDSClient.proto._query (E:\前端\react_blog\service\node_modules\_ali-rds@3.4.0@ali-rds\lib\client.js:38:20)
    at RDSClient.proto.query (E:\前端\react_blog\service\node_modules\_ali-rds@3.4.0@ali-rds\lib\operator.js:54:29)
    at proto.query.next (<anonymous>)
    at onFulfilled (E:\前端\react_blog\service\node_modules\_co@4.6.0@co\index.js:65:19)
    at E:\前端\react_blog\service\node_modules\_co@4.6.0@co\index.js:54:5
    sql: SELECT article.id as id ,article.title as title ,article.introduce as introduce ,article.article_content as article_content ,FROM_UNIXTIME(article.addTime,'%Y-%m-%d %H:%i:%s' ) as addTime ,article.view_count as view_count ,types.typeName as typeName ,types.id as typeId ,FROM article LEFT JOIN types ON article.type_id = types.Id WHERE article.id=1
code: "ER_PARSE_ERROR"
errno: 1064
sqlMessage: "You have an error in your SQL syntax; check the manual that corresponds to your MySQL server version for the right syntax to use near 'FROM article LEFT JOIN types ON article.type_id = types.Id WHERE article.id=1' at line 1"
sqlState: "42000"
index: 0
sql: "SELECT article.id as id ,article.title as title ,article.introduce as introduce ,article.article_content as article_content ,FROM_UNIXTIME(article.addTime,'%Y-%m-%d %H:%i:%s' ) as addTime ,article.view_count as view_count ,types.typeName as typeName ,types.id as typeId ,FROM article LEFT JOIN types ON article.type_id = types.Id WHERE article.id=1"
headers: {"Access-Control-Allow-Origin":"*","vary":"Origin"}
name: "ER_PARSE_ERRORError"
pid: 12388
hostname: 大成子

2022-09-05 22:49:47,946 ERROR 21544 [-/127.0.0.1/-/3ms GET /default/getArticleById/1] nodejs.ER_PARSE_ERRORError: ER_PARSE_ERROR: You have an error in your SQL syntax; check the manual that corresponds to your MySQL server version for the right syntax to use near 'FROM article LEFT JOIN types ON article.type_id = types.Id WHERE article.id=1' at line 1
    at Query.Sequence._packetToError (E:\前端\react_blog\service\node_modules\_mysql@2.18.1@mysql\lib\protocol\sequences\Sequence.js:47:14)
    at Query.ErrorPacket (E:\前端\react_blog\service\node_modules\_mysql@2.18.1@mysql\lib\protocol\sequences\Query.js:79:18)
    at Protocol._parsePacket (E:\前端\react_blog\service\node_modules\_mysql@2.18.1@mysql\lib\protocol\Protocol.js:291:23)
    at Parser._parsePacket (E:\前端\react_blog\service\node_modules\_mysql@2.18.1@mysql\lib\protocol\Parser.js:433:10)
    at Parser.write (E:\前端\react_blog\service\node_modules\_mysql@2.18.1@mysql\lib\protocol\Parser.js:43:10)
    at Protocol.write (E:\前端\react_blog\service\node_modules\_mysql@2.18.1@mysql\lib\protocol\Protocol.js:38:16)
    at Socket.<anonymous> (E:\前端\react_blog\service\node_modules\_mysql@2.18.1@mysql\lib\Connection.js:88:28)
    at Socket.<anonymous> (E:\前端\react_blog\service\node_modules\_mysql@2.18.1@mysql\lib\Connection.js:526:10)
    at Socket.emit (node:events:527:28)
    at addChunk (node:internal/streams/readable:315:12)
    --------------------
    at Pool.query (E:\前端\react_blog\service\node_modules\_mysql@2.18.1@mysql\lib\Pool.js:199:23)
    at E:\前端\react_blog\service\node_modules\_pify@2.3.0@pify\index.js:29:7
    at new Promise (<anonymous>)
    at Pool.<anonymous> (E:\前端\react_blog\service\node_modules\_pify@2.3.0@pify\index.js:12:10)
    at Pool.ret [as query] (E:\前端\react_blog\service\node_modules\_pify@2.3.0@pify\index.js:56:34)
    at RDSClient.proto._query (E:\前端\react_blog\service\node_modules\_ali-rds@3.4.0@ali-rds\lib\client.js:38:20)
    at RDSClient.proto.query (E:\前端\react_blog\service\node_modules\_ali-rds@3.4.0@ali-rds\lib\operator.js:54:29)
    at proto.query.next (<anonymous>)
    at onFulfilled (E:\前端\react_blog\service\node_modules\_co@4.6.0@co\index.js:65:19)
    at E:\前端\react_blog\service\node_modules\_co@4.6.0@co\index.js:54:5
    sql: SELECT article.id as id ,article.title as title ,article.introduce as introduce ,article.article_content as article_content ,FROM_UNIXTIME(article.addTime,'%Y-%m-%d %H:%i:%s' ) as addTime ,article.view_count as view_count ,types.typeName as typeName ,types.id as typeId ,FROM article LEFT JOIN types ON article.type_id = types.Id WHERE article.id=1
code: "ER_PARSE_ERROR"
errno: 1064
sqlMessage: "You have an error in your SQL syntax; check the manual that corresponds to your MySQL server version for the right syntax to use near 'FROM article LEFT JOIN types ON article.type_id = types.Id WHERE article.id=1' at line 1"
sqlState: "42000"
index: 0
sql: "SELECT article.id as id ,article.title as title ,article.introduce as introduce ,article.article_content as article_content ,FROM_UNIXTIME(article.addTime,'%Y-%m-%d %H:%i:%s' ) as addTime ,article.view_count as view_count ,types.typeName as typeName ,types.id as typeId ,FROM article LEFT JOIN types ON article.type_id = types.Id WHERE article.id=1"
headers: {"Access-Control-Allow-Origin":"*","vary":"Origin"}
name: "ER_PARSE_ERRORError"
pid: 21544
hostname: 大成子

2022-09-05 22:52:39,474 ERROR 37012 [-/127.0.0.1/-/6ms GET /default/getArticleById/1] nodejs.ER_BAD_FIELD_ERRORError: ER_BAD_FIELD_ERROR: Unknown column 'article.view_count' in 'field list'
    at Query.Sequence._packetToError (E:\前端\react_blog\service\node_modules\_mysql@2.18.1@mysql\lib\protocol\sequences\Sequence.js:47:14)
    at Query.ErrorPacket (E:\前端\react_blog\service\node_modules\_mysql@2.18.1@mysql\lib\protocol\sequences\Query.js:79:18)
    at Protocol._parsePacket (E:\前端\react_blog\service\node_modules\_mysql@2.18.1@mysql\lib\protocol\Protocol.js:291:23)
    at Parser._parsePacket (E:\前端\react_blog\service\node_modules\_mysql@2.18.1@mysql\lib\protocol\Parser.js:433:10)
    at Parser.write (E:\前端\react_blog\service\node_modules\_mysql@2.18.1@mysql\lib\protocol\Parser.js:43:10)
    at Protocol.write (E:\前端\react_blog\service\node_modules\_mysql@2.18.1@mysql\lib\protocol\Protocol.js:38:16)
    at Socket.<anonymous> (E:\前端\react_blog\service\node_modules\_mysql@2.18.1@mysql\lib\Connection.js:88:28)
    at Socket.<anonymous> (E:\前端\react_blog\service\node_modules\_mysql@2.18.1@mysql\lib\Connection.js:526:10)
    at Socket.emit (node:events:527:28)
    at addChunk (node:internal/streams/readable:315:12)
    --------------------
    at Pool.query (E:\前端\react_blog\service\node_modules\_mysql@2.18.1@mysql\lib\Pool.js:199:23)
    at E:\前端\react_blog\service\node_modules\_pify@2.3.0@pify\index.js:29:7
    at new Promise (<anonymous>)
    at Pool.<anonymous> (E:\前端\react_blog\service\node_modules\_pify@2.3.0@pify\index.js:12:10)
    at Pool.ret [as query] (E:\前端\react_blog\service\node_modules\_pify@2.3.0@pify\index.js:56:34)
    at RDSClient.proto._query (E:\前端\react_blog\service\node_modules\_ali-rds@3.4.0@ali-rds\lib\client.js:38:20)
    at RDSClient.proto.query (E:\前端\react_blog\service\node_modules\_ali-rds@3.4.0@ali-rds\lib\operator.js:54:29)
    at proto.query.next (<anonymous>)
    at onFulfilled (E:\前端\react_blog\service\node_modules\_co@4.6.0@co\index.js:65:19)
    at E:\前端\react_blog\service\node_modules\_co@4.6.0@co\index.js:54:5
    sql: SELECT article.id as id ,article.title as title ,article.introduce as introduce ,article.article_content as article_content ,FROM_UNIXTIME(article.addTime,'%Y-%m-%d %H:%i:%s') as addTime ,article.view_count as view_count ,types.typeName as typeName ,types.id as typeId FROM article LEFT JOIN types ON article.type_id = types.Id WHERE article.id=1
code: "ER_BAD_FIELD_ERROR"
errno: 1054
sqlMessage: "Unknown column 'article.view_count' in 'field list'"
sqlState: "42S22"
index: 0
sql: "SELECT article.id as id ,article.title as title ,article.introduce as introduce ,article.article_content as article_content ,FROM_UNIXTIME(article.addTime,'%Y-%m-%d %H:%i:%s') as addTime ,article.view_count as view_count ,types.typeName as typeName ,types.id as typeId FROM article LEFT JOIN types ON article.type_id = types.Id WHERE article.id=1"
headers: {"Access-Control-Allow-Origin":"*","vary":"Origin"}
name: "ER_BAD_FIELD_ERRORError"
pid: 37012
hostname: 大成子

2022-09-05 22:52:46,207 ERROR 37012 [-/127.0.0.1/-/2ms GET /default/getArticleById/1] nodejs.ER_BAD_FIELD_ERRORError: ER_BAD_FIELD_ERROR: Unknown column 'article.view_count' in 'field list'
    at Query.Sequence._packetToError (E:\前端\react_blog\service\node_modules\_mysql@2.18.1@mysql\lib\protocol\sequences\Sequence.js:47:14)
    at Query.ErrorPacket (E:\前端\react_blog\service\node_modules\_mysql@2.18.1@mysql\lib\protocol\sequences\Query.js:79:18)
    at Protocol._parsePacket (E:\前端\react_blog\service\node_modules\_mysql@2.18.1@mysql\lib\protocol\Protocol.js:291:23)
    at Parser._parsePacket (E:\前端\react_blog\service\node_modules\_mysql@2.18.1@mysql\lib\protocol\Parser.js:433:10)
    at Parser.write (E:\前端\react_blog\service\node_modules\_mysql@2.18.1@mysql\lib\protocol\Parser.js:43:10)
    at Protocol.write (E:\前端\react_blog\service\node_modules\_mysql@2.18.1@mysql\lib\protocol\Protocol.js:38:16)
    at Socket.<anonymous> (E:\前端\react_blog\service\node_modules\_mysql@2.18.1@mysql\lib\Connection.js:88:28)
    at Socket.<anonymous> (E:\前端\react_blog\service\node_modules\_mysql@2.18.1@mysql\lib\Connection.js:526:10)
    at Socket.emit (node:events:527:28)
    at addChunk (node:internal/streams/readable:315:12)
    --------------------
    at Pool.query (E:\前端\react_blog\service\node_modules\_mysql@2.18.1@mysql\lib\Pool.js:199:23)
    at E:\前端\react_blog\service\node_modules\_pify@2.3.0@pify\index.js:29:7
    at new Promise (<anonymous>)
    at Pool.<anonymous> (E:\前端\react_blog\service\node_modules\_pify@2.3.0@pify\index.js:12:10)
    at Pool.ret [as query] (E:\前端\react_blog\service\node_modules\_pify@2.3.0@pify\index.js:56:34)
    at RDSClient.proto._query (E:\前端\react_blog\service\node_modules\_ali-rds@3.4.0@ali-rds\lib\client.js:38:20)
    at RDSClient.proto.query (E:\前端\react_blog\service\node_modules\_ali-rds@3.4.0@ali-rds\lib\operator.js:54:29)
    at proto.query.next (<anonymous>)
    at onFulfilled (E:\前端\react_blog\service\node_modules\_co@4.6.0@co\index.js:65:19)
    at E:\前端\react_blog\service\node_modules\_co@4.6.0@co\index.js:54:5
    sql: SELECT article.id as id ,article.title as title ,article.introduce as introduce ,article.article_content as article_content ,FROM_UNIXTIME(article.addTime,'%Y-%m-%d %H:%i:%s') as addTime ,article.view_count as view_count ,types.typeName as typeName ,types.id as typeId FROM article LEFT JOIN types ON article.type_id = types.Id WHERE article.id=1
code: "ER_BAD_FIELD_ERROR"
errno: 1054
sqlMessage: "Unknown column 'article.view_count' in 'field list'"
sqlState: "42S22"
index: 0
sql: "SELECT article.id as id ,article.title as title ,article.introduce as introduce ,article.article_content as article_content ,FROM_UNIXTIME(article.addTime,'%Y-%m-%d %H:%i:%s') as addTime ,article.view_count as view_count ,types.typeName as typeName ,types.id as typeId FROM article LEFT JOIN types ON article.type_id = types.Id WHERE article.id=1"
headers: {"Access-Control-Allow-Origin":"*","vary":"Origin"}
name: "ER_BAD_FIELD_ERRORError"
pid: 37012
hostname: 大成子

2022-09-05 22:53:05,209 ERROR 34320 [-/127.0.0.1/-/2ms GET /default/getArticleById/1] nodejs.ER_BAD_FIELD_ERRORError: ER_BAD_FIELD_ERROR: Unknown column 'article.view_count' in 'field list'
    at Query.Sequence._packetToError (E:\前端\react_blog\service\node_modules\_mysql@2.18.1@mysql\lib\protocol\sequences\Sequence.js:47:14)
    at Query.ErrorPacket (E:\前端\react_blog\service\node_modules\_mysql@2.18.1@mysql\lib\protocol\sequences\Query.js:79:18)
    at Protocol._parsePacket (E:\前端\react_blog\service\node_modules\_mysql@2.18.1@mysql\lib\protocol\Protocol.js:291:23)
    at Parser._parsePacket (E:\前端\react_blog\service\node_modules\_mysql@2.18.1@mysql\lib\protocol\Parser.js:433:10)
    at Parser.write (E:\前端\react_blog\service\node_modules\_mysql@2.18.1@mysql\lib\protocol\Parser.js:43:10)
    at Protocol.write (E:\前端\react_blog\service\node_modules\_mysql@2.18.1@mysql\lib\protocol\Protocol.js:38:16)
    at Socket.<anonymous> (E:\前端\react_blog\service\node_modules\_mysql@2.18.1@mysql\lib\Connection.js:88:28)
    at Socket.<anonymous> (E:\前端\react_blog\service\node_modules\_mysql@2.18.1@mysql\lib\Connection.js:526:10)
    at Socket.emit (node:events:527:28)
    at addChunk (node:internal/streams/readable:315:12)
    --------------------
    at Pool.query (E:\前端\react_blog\service\node_modules\_mysql@2.18.1@mysql\lib\Pool.js:199:23)
    at E:\前端\react_blog\service\node_modules\_pify@2.3.0@pify\index.js:29:7
    at new Promise (<anonymous>)
    at Pool.<anonymous> (E:\前端\react_blog\service\node_modules\_pify@2.3.0@pify\index.js:12:10)
    at Pool.ret [as query] (E:\前端\react_blog\service\node_modules\_pify@2.3.0@pify\index.js:56:34)
    at RDSClient.proto._query (E:\前端\react_blog\service\node_modules\_ali-rds@3.4.0@ali-rds\lib\client.js:38:20)
    at RDSClient.proto.query (E:\前端\react_blog\service\node_modules\_ali-rds@3.4.0@ali-rds\lib\operator.js:54:29)
    at proto.query.next (<anonymous>)
    at onFulfilled (E:\前端\react_blog\service\node_modules\_co@4.6.0@co\index.js:65:19)
    at E:\前端\react_blog\service\node_modules\_co@4.6.0@co\index.js:54:5
    sql: SELECT article.id as id ,article.title as title ,article.introduce as introduce ,article.article_content as article_content ,FROM_UNIXTIME(article.addTime,'%Y-%m-%d %H:%i:%s') as addTime ,article.view_count as view_count ,types.typeName as typeName ,types.id as typeId FROM article LEFT JOIN types ON article.type_id = types.Id WHERE article.id=1
code: "ER_BAD_FIELD_ERROR"
errno: 1054
sqlMessage: "Unknown column 'article.view_count' in 'field list'"
sqlState: "42S22"
index: 0
sql: "SELECT article.id as id ,article.title as title ,article.introduce as introduce ,article.article_content as article_content ,FROM_UNIXTIME(article.addTime,'%Y-%m-%d %H:%i:%s') as addTime ,article.view_count as view_count ,types.typeName as typeName ,types.id as typeId FROM article LEFT JOIN types ON article.type_id = types.Id WHERE article.id=1"
headers: {"Access-Control-Allow-Origin":"*","vary":"Origin"}
name: "ER_BAD_FIELD_ERRORError"
pid: 34320
hostname: 大成子

